<?xml version="1.0" encoding="UTF-8"?>
<testng-results ignored="0" total="2" passed="2" failed="0" skipped="0">
  <reporter-output>
  </reporter-output>
  <suite started-at="2023-01-04T23:06:26 IST" name="Default suite" finished-at="2023-01-04T23:06:26 IST" duration-ms="110">
    <groups>
    </groups>
    <test started-at="2023-01-04T23:06:26 IST" name="Default test" finished-at="2023-01-04T23:06:26 IST" duration-ms="110">
      <class name="Baseclass.Base">
        <test-method signature="friendname()[pri:1, instance:Baseclass.Base@7ea9e1e2]" started-at="2023-01-04T23:06:26 IST" name="friendname" finished-at="2023-01-04T23:06:26 IST" duration-ms="20" status="PASS">
          <reporter-output>
          </reporter-output>
        </test-method> <!-- friendname -->
        <test-method signature="name()[pri:2, instance:Baseclass.Base@7ea9e1e2]" started-at="2023-01-04T23:06:26 IST" name="name" finished-at="2023-01-04T23:06:26 IST" duration-ms="7" status="PASS">
          <reporter-output>
          </reporter-output>
        </test-method> <!-- name -->
      </class> <!-- Baseclass.Base -->
    </test> <!-- Default test -->
  </suite> <!-- Default suite -->
</testng-results>
